{"/home/brax/workspace/leandro/jsexpert/sem06/completo/server/config.js": {"path":"/home/brax/workspace/leandro/jsexpert/sem06/completo/server/config.js","statementMap":{"0":{"start":{"line":4,"column":19},"end":{"line":4,"column":58}},"1":{"start":{"line":5,"column":13},"end":{"line":5,"column":36}},"2":{"start":{"line":6,"column":17},"end":{"line":6,"column":36}},"3":{"start":{"line":7,"column":18},"end":{"line":7,"column":38}}},"fnMap":{},"branchMap":{"0":{"loc":{"start":{"line":10,"column":8},"end":{"line":10,"column":32}},"type":"binary-expr","locations":[{"start":{"line":10,"column":8},"end":{"line":10,"column":24}},{"start":{"line":10,"column":28},"end":{"line":10,"column":32}}],"line":10}},"s":{"0":1,"1":1,"2":1,"3":1},"f":{},"b":{"0":[1,1]},"_coverageSchema":"1a1c01bbd47fc00a2c39e90264f33305004495a9","hash":"11e53137dd6309e4e6d46a26a49ca0b134e201d7"}
,"/home/brax/workspace/leandro/jsexpert/sem06/completo/server/controller.js": {"path":"/home/brax/workspace/leandro/jsexpert/sem06/completo/server/controller.js","statementMap":{"0":{"start":{"line":5,"column":4},"end":{"line":5,"column":33}},"1":{"start":{"line":9,"column":4},"end":{"line":9,"column":48}}},"fnMap":{"0":{"name":"(anonymous_0)","decl":{"start":{"line":4,"column":2},"end":{"line":4,"column":3}},"loc":{"start":{"line":4,"column":16},"end":{"line":6,"column":3}},"line":4},"1":{"name":"(anonymous_1)","decl":{"start":{"line":8,"column":2},"end":{"line":8,"column":3}},"loc":{"start":{"line":8,"column":32},"end":{"line":10,"column":3}},"line":8}},"branchMap":{},"s":{"0":1,"1":0},"f":{"0":1,"1":0},"b":{},"_coverageSchema":"1a1c01bbd47fc00a2c39e90264f33305004495a9","hash":"45325b6d7780fa52cb343ce41dc2f16cbbd7855f"}
,"/home/brax/workspace/leandro/jsexpert/sem06/completo/server/routes.js": {"path":"/home/brax/workspace/leandro/jsexpert/sem06/completo/server/routes.js","statementMap":{"0":{"start":{"line":5,"column":19},"end":{"line":5,"column":35}},"1":{"start":{"line":8,"column":26},"end":{"line":8,"column":33}},"2":{"start":{"line":9,"column":2},"end":{"line":43,"column":3}},"3":{"start":{"line":10,"column":4},"end":{"line":16,"column":5}},"4":{"start":{"line":11,"column":6},"end":{"line":13,"column":9}},"5":{"start":{"line":15,"column":6},"end":{"line":15,"column":28}},"6":{"start":{"line":17,"column":4},"end":{"line":21,"column":5}},"7":{"start":{"line":18,"column":25},"end":{"line":18,"column":78}},"8":{"start":{"line":20,"column":6},"end":{"line":20,"column":35}},"9":{"start":{"line":23,"column":4},"end":{"line":29,"column":5}},"10":{"start":{"line":24,"column":25},"end":{"line":26,"column":7}},"11":{"start":{"line":28,"column":6},"end":{"line":28,"column":35}},"12":{"start":{"line":32,"column":29},"end":{"line":32,"column":64}},"13":{"start":{"line":34,"column":24},"end":{"line":34,"column":59}},"14":{"start":{"line":36,"column":4},"end":{"line":40,"column":5}},"15":{"start":{"line":37,"column":6},"end":{"line":39,"column":9}},"16":{"start":{"line":42,"column":4},"end":{"line":42,"column":33}},"17":{"start":{"line":45,"column":2},"end":{"line":45,"column":26}},"18":{"start":{"line":46,"column":2},"end":{"line":46,"column":24}},"19":{"start":{"line":50,"column":2},"end":{"line":56,"column":3}},"20":{"start":{"line":51,"column":4},"end":{"line":51,"column":50}},"21":{"start":{"line":53,"column":4},"end":{"line":53,"column":28}},"22":{"start":{"line":55,"column":4},"end":{"line":55,"column":26}},"23":{"start":{"line":58,"column":2},"end":{"line":58,"column":53}},"24":{"start":{"line":60,"column":2},"end":{"line":60,"column":26}},"25":{"start":{"line":62,"column":2},"end":{"line":62,"column":24}},"26":{"start":{"line":66,"column":2},"end":{"line":68,"column":4}},"27":{"start":{"line":67,"column":4},"end":{"line":67,"column":32}}},"fnMap":{"0":{"name":"routes","decl":{"start":{"line":7,"column":15},"end":{"line":7,"column":21}},"loc":{"start":{"line":7,"column":41},"end":{"line":47,"column":1}},"line":7},"1":{"name":"handleError","decl":{"start":{"line":49,"column":9},"end":{"line":49,"column":20}},"loc":{"start":{"line":49,"column":38},"end":{"line":63,"column":1}},"line":49},"2":{"name":"handler","decl":{"start":{"line":65,"column":16},"end":{"line":65,"column":23}},"loc":{"start":{"line":65,"column":43},"end":{"line":69,"column":1}},"line":65},"3":{"name":"(anonymous_3)","decl":{"start":{"line":66,"column":41},"end":{"line":66,"column":42}},"loc":{"start":{"line":67,"column":4},"end":{"line":67,"column":32}},"line":67}},"branchMap":{"0":{"loc":{"start":{"line":9,"column":2},"end":{"line":43,"column":3}},"type":"if","locations":[{"start":{"line":9,"column":2},"end":{"line":43,"column":3}},{"start":{},"end":{}}],"line":9},"1":{"loc":{"start":{"line":10,"column":4},"end":{"line":16,"column":5}},"type":"if","locations":[{"start":{"line":10,"column":4},"end":{"line":16,"column":5}},{"start":{},"end":{}}],"line":10},"2":{"loc":{"start":{"line":17,"column":4},"end":{"line":21,"column":5}},"type":"if","locations":[{"start":{"line":17,"column":4},"end":{"line":21,"column":5}},{"start":{},"end":{}}],"line":17},"3":{"loc":{"start":{"line":23,"column":4},"end":{"line":29,"column":5}},"type":"if","locations":[{"start":{"line":23,"column":4},"end":{"line":29,"column":5}},{"start":{},"end":{}}],"line":23},"4":{"loc":{"start":{"line":36,"column":4},"end":{"line":40,"column":5}},"type":"if","locations":[{"start":{"line":36,"column":4},"end":{"line":40,"column":5}},{"start":{},"end":{}}],"line":36},"5":{"loc":{"start":{"line":50,"column":2},"end":{"line":56,"column":3}},"type":"if","locations":[{"start":{"line":50,"column":2},"end":{"line":56,"column":3}},{"start":{},"end":{}}],"line":50}},"s":{"0":1,"1":8,"2":8,"3":7,"4":1,"5":1,"6":6,"7":1,"8":1,"9":5,"10":1,"11":1,"12":4,"13":2,"14":2,"15":1,"16":2,"17":1,"18":1,"19":2,"20":1,"21":1,"22":1,"23":1,"24":1,"25":1,"26":8,"27":2},"f":{"0":8,"1":2,"2":8,"3":2},"b":{"0":[7,1],"1":[1,6],"2":[1,5],"3":[1,4],"4":[1,1],"5":[1,1]},"_coverageSchema":"1a1c01bbd47fc00a2c39e90264f33305004495a9","hash":"ac98743e98ef48b87d409b733ad97949f0779a26"}
,"/home/brax/workspace/leandro/jsexpert/sem06/completo/server/service.js": {"path":"/home/brax/workspace/leandro/jsexpert/sem06/completo/server/service.js","statementMap":{"0":{"start":{"line":7,"column":4},"end":{"line":7,"column":10}},"1":{"start":{"line":11,"column":4},"end":{"line":11,"column":41}},"2":{"start":{"line":16,"column":25},"end":{"line":16,"column":46}},"3":{"start":{"line":18,"column":4},"end":{"line":18,"column":42}},"4":{"start":{"line":19,"column":21},"end":{"line":19,"column":42}},"5":{"start":{"line":20,"column":4},"end":{"line":23,"column":6}},"6":{"start":{"line":27,"column":27},"end":{"line":27,"column":55}},"7":{"start":{"line":28,"column":4},"end":{"line":31,"column":6}}},"fnMap":{"0":{"name":"(anonymous_0)","decl":{"start":{"line":10,"column":2},"end":{"line":10,"column":3}},"loc":{"start":{"line":10,"column":29},"end":{"line":12,"column":3}},"line":10},"1":{"name":"(anonymous_1)","decl":{"start":{"line":14,"column":2},"end":{"line":14,"column":3}},"loc":{"start":{"line":14,"column":26},"end":{"line":24,"column":3}},"line":14},"2":{"name":"(anonymous_2)","decl":{"start":{"line":26,"column":2},"end":{"line":26,"column":3}},"loc":{"start":{"line":26,"column":28},"end":{"line":32,"column":3}},"line":26}},"branchMap":{},"s":{"0":1,"1":0,"2":0,"3":0,"4":0,"5":0,"6":0,"7":0},"f":{"0":0,"1":0,"2":0},"b":{},"_coverageSchema":"1a1c01bbd47fc00a2c39e90264f33305004495a9","hash":"ff0d6370c0441e8edb6d9c4aabfed2cf01a050ac"}
,"/home/brax/workspace/leandro/jsexpert/sem06/completo/server/utils.js": {"path":"/home/brax/workspace/leandro/jsexpert/sem06/completo/server/utils.js","statementMap":{"0":{"start":{"line":3,"column":12},"end":{"line":11,"column":2}},"1":{"start":{"line":13,"column":22},"end":{"line":13,"column":25}}},"fnMap":{},"branchMap":{},"s":{"0":1,"1":1},"f":{},"b":{},"_coverageSchema":"1a1c01bbd47fc00a2c39e90264f33305004495a9","hash":"5c56ad9f7c92d10450885531104fa45c498c3dfb"}
,"/home/brax/workspace/leandro/jsexpert/sem06/completo/tests/unit/_util/testUtil.js": {"path":"/home/brax/workspace/leandro/jsexpert/sem06/completo/tests/unit/_util/testUtil.js","statementMap":{"0":{"start":{"line":6,"column":4},"end":{"line":13,"column":7}},"1":{"start":{"line":8,"column":8},"end":{"line":10,"column":9}},"2":{"start":{"line":9,"column":10},"end":{"line":9,"column":26}},"3":{"start":{"line":11,"column":8},"end":{"line":11,"column":24}},"4":{"start":{"line":17,"column":4},"end":{"line":23,"column":7}},"5":{"start":{"line":19,"column":8},"end":{"line":19,"column":22}},"6":{"start":{"line":21,"column":8},"end":{"line":21,"column":24}},"7":{"start":{"line":27,"column":26},"end":{"line":27,"column":75}},"8":{"start":{"line":28,"column":21},"end":{"line":28,"column":62}},"9":{"start":{"line":29,"column":17},"end":{"line":39,"column":5}},"10":{"start":{"line":41,"column":4},"end":{"line":44,"column":6}},"11":{"start":{"line":42,"column":20},"end":{"line":42,"column":39}}},"fnMap":{"0":{"name":"(anonymous_0)","decl":{"start":{"line":5,"column":2},"end":{"line":5,"column":3}},"loc":{"start":{"line":5,"column":38},"end":{"line":14,"column":3}},"line":5},"1":{"name":"(anonymous_1)","decl":{"start":{"line":7,"column":6},"end":{"line":7,"column":7}},"loc":{"start":{"line":7,"column":13},"end":{"line":12,"column":7}},"line":7},"2":{"name":"(anonymous_2)","decl":{"start":{"line":16,"column":2},"end":{"line":16,"column":3}},"loc":{"start":{"line":16,"column":40},"end":{"line":24,"column":3}},"line":16},"3":{"name":"(anonymous_3)","decl":{"start":{"line":18,"column":6},"end":{"line":18,"column":7}},"loc":{"start":{"line":18,"column":28},"end":{"line":22,"column":7}},"line":18},"4":{"name":"(anonymous_4)","decl":{"start":{"line":26,"column":2},"end":{"line":26,"column":3}},"loc":{"start":{"line":26,"column":31},"end":{"line":45,"column":3}},"line":26},"5":{"name":"(anonymous_5)","decl":{"start":{"line":28,"column":53},"end":{"line":28,"column":54}},"loc":{"start":{"line":28,"column":59},"end":{"line":28,"column":61}},"line":28},"6":{"name":"(anonymous_6)","decl":{"start":{"line":42,"column":14},"end":{"line":42,"column":15}},"loc":{"start":{"line":42,"column":20},"end":{"line":42,"column":39}},"line":42}},"branchMap":{},"s":{"0":12,"1":0,"2":0,"3":0,"4":8,"5":0,"6":0,"7":8,"8":8,"9":8,"10":8,"11":8},"f":{"0":12,"1":0,"2":8,"3":0,"4":8,"5":0,"6":8},"b":{},"_coverageSchema":"1a1c01bbd47fc00a2c39e90264f33305004495a9","hash":"5f79d675aff175ebfdf93458bb9ea55701d1a9bb"}
}
