TN:
SF:server/config.js
FNF:0
FNH:0
DA:4,1
DA:5,1
DA:6,1
DA:7,1
LF:4
LH:4
BRDA:10,0,0,1
BRDA:10,0,1,1
BRF:2
BRH:2
end_of_record
TN:
SF:server/controller.js
FN:4,(anonymous_0)
FN:8,(anonymous_1)
FNF:2
FNH:1
FNDA:1,(anonymous_0)
FNDA:0,(anonymous_1)
DA:5,1
DA:9,0
LF:2
LH:1
BRF:0
BRH:0
end_of_record
TN:
SF:server/routes.js
FN:7,routes
FN:49,handleError
FN:65,handler
FN:66,(anonymous_3)
FNF:4
FNH:4
FNDA:8,routes
FNDA:2,handleError
FNDA:8,handler
FNDA:2,(anonymous_3)
DA:5,1
DA:8,8
DA:9,8
DA:10,7
DA:11,1
DA:15,1
DA:17,6
DA:18,1
DA:20,1
DA:23,5
DA:24,1
DA:28,1
DA:32,4
DA:34,2
DA:36,2
DA:37,1
DA:42,2
DA:45,1
DA:46,1
DA:50,2
DA:51,1
DA:53,1
DA:55,1
DA:58,1
DA:60,1
DA:62,1
DA:66,8
DA:67,2
LF:28
LH:28
BRDA:9,0,0,7
BRDA:9,0,1,1
BRDA:10,1,0,1
BRDA:10,1,1,6
BRDA:17,2,0,1
BRDA:17,2,1,5
BRDA:23,3,0,1
BRDA:23,3,1,4
BRDA:36,4,0,1
BRDA:36,4,1,1
BRDA:50,5,0,1
BRDA:50,5,1,1
BRF:12
BRH:12
end_of_record
TN:
SF:server/service.js
FN:10,(anonymous_0)
FN:14,(anonymous_1)
FN:26,(anonymous_2)
FNF:3
FNH:0
FNDA:0,(anonymous_0)
FNDA:0,(anonymous_1)
FNDA:0,(anonymous_2)
DA:7,1
DA:11,0
DA:16,0
DA:18,0
DA:19,0
DA:20,0
DA:27,0
DA:28,0
LF:8
LH:1
BRF:0
BRH:0
end_of_record
TN:
SF:server/utils.js
FNF:0
FNH:0
DA:3,1
DA:13,1
LF:2
LH:2
BRF:0
BRH:0
end_of_record
TN:
SF:tests/unit/_util/testUtil.js
FN:5,(anonymous_0)
FN:7,(anonymous_1)
FN:16,(anonymous_2)
FN:18,(anonymous_3)
FN:26,(anonymous_4)
FN:28,(anonymous_5)
FN:42,(anonymous_6)
FNF:7
FNH:4
FNDA:12,(anonymous_0)
FNDA:0,(anonymous_1)
FNDA:8,(anonymous_2)
FNDA:0,(anonymous_3)
FNDA:8,(anonymous_4)
FNDA:0,(anonymous_5)
FNDA:8,(anonymous_6)
DA:6,12
DA:8,0
DA:9,0
DA:11,0
DA:17,8
DA:19,0
DA:21,0
DA:27,8
DA:28,8
DA:29,8
DA:41,8
DA:42,8
LF:12
LH:7
BRF:0
BRH:0
end_of_record
